<?xml version="1.0" encoding="UTF-8"?>
<robot generator="Robot 7.0 (Python 3.12.2 on win32)" generated="2024-03-14T17:01:19.096316" rpa="false" schemaversion="5">
<suite id="s1" name="Google Search" source="C:\Users\Administrator\Desktop\MyRobot\google_search.robot">
<test id="s1-t1" name="Search Google and Verify Results" line="11">
<kw name="Open Google">
<kw name="Open Browser" owner="SeleniumLibrary">
<msg time="2024-03-14T17:01:19.222800" level="INFO">Opening browser 'Chrome' to base url 'https://www.google.com'.</msg>
<arg>https://www.google.com</arg>
<arg>${BROWSER}</arg>
<doc>Opens a new browser instance to the optional ``url``.</doc>
<status status="PASS" start="2024-03-14T17:01:19.222800" elapsed="2.386408"/>
</kw>
<status status="PASS" start="2024-03-14T17:01:19.222800" elapsed="2.386408"/>
</kw>
<kw name="Input Search Term">
<kw name="Input Text" owner="SeleniumLibrary">
<msg time="2024-03-14T17:01:21.609208" level="INFO">Typing text 'robot framework' into text field 'name=q'.</msg>
<arg>name=q</arg>
<arg>${SEARCH_TERM}</arg>
<doc>Types the given ``text`` into the text field identified by ``locator``.</doc>
<status status="PASS" start="2024-03-14T17:01:21.609208" elapsed="0.071843"/>
</kw>
<status status="PASS" start="2024-03-14T17:01:21.609208" elapsed="0.071843"/>
</kw>
<kw name="Press Enter Google Search">
<kw name="Press Keys" owner="SeleniumLibrary">
<msg time="2024-03-14T17:01:21.681051" level="INFO">Sending key(s) ('ENTER',) to name=q element.</msg>
<msg time="2024-03-14T17:01:21.979126" level="INFO">Pressing special key ENTER to element.</msg>
<msg time="2024-03-14T17:01:21.979126" level="INFO">Releasing special key ENTER.</msg>
<arg>name=q</arg>
<arg>ENTER</arg>
<doc>Simulates the user pressing key(s) to an element or on the active browser.</doc>
<status status="PASS" start="2024-03-14T17:01:21.681051" elapsed="1.308024"/>
</kw>
<status status="PASS" start="2024-03-14T17:01:21.681051" elapsed="1.308024"/>
</kw>
<kw name="Verify Search Results">
<kw name="Wait Until Page Contains" owner="SeleniumLibrary">
<arg>${SEARCH_RESULT}</arg>
<doc>Waits until ``text`` appears on the current page.</doc>
<status status="PASS" start="2024-03-14T17:01:22.990071" elapsed="0.021256"/>
</kw>
<kw name="Page Should Contain" owner="SeleniumLibrary">
<msg time="2024-03-14T17:01:23.032111" level="INFO">Current page contains text 'Automate'.</msg>
<arg>${SEARCH_RESULT}</arg>
<doc>Verifies that current page contains ``text``.</doc>
<status status="PASS" start="2024-03-14T17:01:23.011327" elapsed="0.020784"/>
</kw>
<status status="PASS" start="2024-03-14T17:01:22.990071" elapsed="0.042040"/>
</kw>
<kw name="Close Browser" owner="SeleniumLibrary">
<doc>Closes the current browser.</doc>
<status status="PASS" start="2024-03-14T17:01:23.032111" elapsed="2.088323"/>
</kw>
<doc>Test case to search Google and verify results</doc>
<status status="PASS" start="2024-03-14T17:01:19.222800" elapsed="5.897634"/>
</test>
<test id="s1-t2" name="Search Google and Verify Results-2" line="20">
<kw name="Open Google">
<kw name="Open Browser" owner="SeleniumLibrary">
<msg time="2024-03-14T17:01:25.120434" level="INFO">Opening browser 'Chrome' to base url 'https://www.google.com'.</msg>
<arg>https://www.google.com</arg>
<arg>${BROWSER}</arg>
<doc>Opens a new browser instance to the optional ``url``.</doc>
<status status="PASS" start="2024-03-14T17:01:25.120434" elapsed="1.966281"/>
</kw>
<status status="PASS" start="2024-03-14T17:01:25.120434" elapsed="1.967247"/>
</kw>
<kw name="Input Search Term">
<kw name="Input Text" owner="SeleniumLibrary">
<msg time="2024-03-14T17:01:27.087681" level="INFO">Typing text 'robot framework' into text field 'name=q'.</msg>
<arg>name=q</arg>
<arg>${SEARCH_TERM}</arg>
<doc>Types the given ``text`` into the text field identified by ``locator``.</doc>
<status status="PASS" start="2024-03-14T17:01:27.087681" elapsed="0.080697"/>
</kw>
<status status="PASS" start="2024-03-14T17:01:27.087681" elapsed="0.080697"/>
</kw>
<kw name="Press Enter Google Search">
<kw name="Press Keys" owner="SeleniumLibrary">
<msg time="2024-03-14T17:01:27.170373" level="INFO">Sending key(s) ('ENTER',) to name=q element.</msg>
<msg time="2024-03-14T17:01:27.463611" level="INFO">Pressing special key ENTER to element.</msg>
<msg time="2024-03-14T17:01:27.463611" level="INFO">Releasing special key ENTER.</msg>
<arg>name=q</arg>
<arg>ENTER</arg>
<doc>Simulates the user pressing key(s) to an element or on the active browser.</doc>
<status status="PASS" start="2024-03-14T17:01:27.169375" elapsed="1.156435"/>
</kw>
<status status="PASS" start="2024-03-14T17:01:27.169375" elapsed="1.156435"/>
</kw>
<kw name="Verify Search Results-2">
<kw name="Wait Until Page Contains" owner="SeleniumLibrary">
<arg>${SEARCH_RESULT-2}</arg>
<doc>Waits until ``text`` appears on the current page.</doc>
<status status="PASS" start="2024-03-14T17:01:28.325810" elapsed="0.012027"/>
</kw>
<kw name="Page Should Contain" owner="SeleniumLibrary">
<msg time="2024-03-14T17:01:28.368419" level="INFO">Current page contains text 'User'.</msg>
<arg>${SEARCH_RESULT-2}</arg>
<doc>Verifies that current page contains ``text``.</doc>
<status status="PASS" start="2024-03-14T17:01:28.337837" elapsed="0.030582"/>
</kw>
<status status="PASS" start="2024-03-14T17:01:28.325810" elapsed="0.042609"/>
</kw>
<kw name="Close Browser" owner="SeleniumLibrary">
<doc>Closes the current browser.</doc>
<status status="PASS" start="2024-03-14T17:01:28.368419" elapsed="2.090920"/>
</kw>
<doc>Test case to search Google and verify results</doc>
<status status="PASS" start="2024-03-14T17:01:25.120434" elapsed="5.338905"/>
</test>
<test id="s1-t3" name="Search Google and Verify Results-3" line="28">
<kw name="Open Google">
<kw name="Open Browser" owner="SeleniumLibrary">
<msg time="2024-03-14T17:01:30.459339" level="INFO">Opening browser 'Chrome' to base url 'https://www.google.com'.</msg>
<arg>https://www.google.com</arg>
<arg>${BROWSER}</arg>
<doc>Opens a new browser instance to the optional ``url``.</doc>
<status status="PASS" start="2024-03-14T17:01:30.459339" elapsed="1.935659"/>
</kw>
<status status="PASS" start="2024-03-14T17:01:30.459339" elapsed="1.935659"/>
</kw>
<kw name="Input XSearch Term">
<kw name="Input Text" owner="SeleniumLibrary">
<msg time="2024-03-14T17:01:32.394998" level="INFO">Typing text 'robot framework' into text field 'xpath=//*[@name="q"]'.</msg>
<arg>xpath=//*[@name="q"]</arg>
<arg>${SEARCH_TERM}</arg>
<doc>Types the given ``text`` into the text field identified by ``locator``.</doc>
<status status="PASS" start="2024-03-14T17:01:32.394998" elapsed="0.086021"/>
</kw>
<status status="PASS" start="2024-03-14T17:01:32.394998" elapsed="0.087018"/>
</kw>
<kw name="Press Enter Google Search">
<kw name="Press Keys" owner="SeleniumLibrary">
<msg time="2024-03-14T17:01:32.482016" level="INFO">Sending key(s) ('ENTER',) to name=q element.</msg>
<msg time="2024-03-14T17:01:32.799586" level="INFO">Pressing special key ENTER to element.</msg>
<msg time="2024-03-14T17:01:32.799586" level="INFO">Releasing special key ENTER.</msg>
<arg>name=q</arg>
<arg>ENTER</arg>
<doc>Simulates the user pressing key(s) to an element or on the active browser.</doc>
<status status="PASS" start="2024-03-14T17:01:32.482016" elapsed="1.055818"/>
</kw>
<status status="PASS" start="2024-03-14T17:01:32.482016" elapsed="1.055818"/>
</kw>
<kw name="Verify Search Results-2">
<kw name="Wait Until Page Contains" owner="SeleniumLibrary">
<arg>${SEARCH_RESULT-2}</arg>
<doc>Waits until ``text`` appears on the current page.</doc>
<status status="PASS" start="2024-03-14T17:01:33.537834" elapsed="0.049229"/>
</kw>
<kw name="Page Should Contain" owner="SeleniumLibrary">
<msg time="2024-03-14T17:01:33.596199" level="INFO">Current page contains text 'User'.</msg>
<arg>${SEARCH_RESULT-2}</arg>
<doc>Verifies that current page contains ``text``.</doc>
<status status="PASS" start="2024-03-14T17:01:33.588061" elapsed="0.008138"/>
</kw>
<status status="PASS" start="2024-03-14T17:01:33.537834" elapsed="0.058365"/>
</kw>
<kw name="Close Browser" owner="SeleniumLibrary">
<doc>Closes the current browser.</doc>
<status status="PASS" start="2024-03-14T17:01:33.596199" elapsed="2.106440"/>
</kw>
<doc>Test case to search Google and verify results</doc>
<status status="PASS" start="2024-03-14T17:01:30.459339" elapsed="5.243300"/>
</test>
<test id="s1-t4" name="Search Yahoo and Verify Results" line="36">
<kw name="Open Yahoo">
<kw name="Open Browser" owner="SeleniumLibrary">
<msg time="2024-03-14T17:01:35.702639" level="INFO">Opening browser 'Chrome' to base url 'https://www.yahoo.com'.</msg>
<arg>https://www.yahoo.com</arg>
<arg>${BROWSER}</arg>
<doc>Opens a new browser instance to the optional ``url``.</doc>
<status status="PASS" start="2024-03-14T17:01:35.702639" elapsed="24.669848"/>
</kw>
<status status="PASS" start="2024-03-14T17:01:35.702639" elapsed="24.670847"/>
</kw>
<kw name="Input Yahoo Search Term">
<kw name="Input Text" owner="SeleniumLibrary">
<msg time="2024-03-14T17:02:00.373689" level="INFO">Typing text 'robot framework' into text field 'name=p'.</msg>
<arg>name=p</arg>
<arg>${SEARCH_TERM}</arg>
<doc>Types the given ``text`` into the text field identified by ``locator``.</doc>
<status status="PASS" start="2024-03-14T17:02:00.373689" elapsed="0.089987"/>
</kw>
<status status="PASS" start="2024-03-14T17:02:00.373689" elapsed="0.090985"/>
</kw>
<kw name="Press Enter Yahoo Search">
<kw name="Press Keys" owner="SeleniumLibrary">
<msg time="2024-03-14T17:02:00.465670" level="INFO">Sending key(s) ('ENTER',) to name=p element.</msg>
<msg time="2024-03-14T17:02:00.729718" level="INFO">Pressing special key ENTER to element.</msg>
<msg time="2024-03-14T17:02:00.729718" level="INFO">Releasing special key ENTER.</msg>
<arg>name=p</arg>
<arg>ENTER</arg>
<doc>Simulates the user pressing key(s) to an element or on the active browser.</doc>
<status status="PASS" start="2024-03-14T17:02:00.465670" elapsed="0.264048"/>
</kw>
<status status="PASS" start="2024-03-14T17:02:00.464674" elapsed="0.265044"/>
</kw>
<kw name="Verify Search Results">
<kw name="Wait Until Page Contains" owner="SeleniumLibrary">
<arg>${SEARCH_RESULT}</arg>
<doc>Waits until ``text`` appears on the current page.</doc>
<status status="PASS" start="2024-03-14T17:02:00.729718" elapsed="0.032330"/>
</kw>
<kw name="Page Should Contain" owner="SeleniumLibrary">
<msg time="2024-03-14T17:02:00.784996" level="INFO">Current page contains text 'Automate'.</msg>
<arg>${SEARCH_RESULT}</arg>
<doc>Verifies that current page contains ``text``.</doc>
<status status="PASS" start="2024-03-14T17:02:00.762048" elapsed="0.022948"/>
</kw>
<status status="PASS" start="2024-03-14T17:02:00.729718" elapsed="0.055278"/>
</kw>
<kw name="Close Browser" owner="SeleniumLibrary">
<doc>Closes the current browser.</doc>
<status status="PASS" start="2024-03-14T17:02:00.785993" elapsed="2.109058"/>
</kw>
<status status="PASS" start="2024-03-14T17:01:35.702639" elapsed="27.192412"/>
</test>
<status status="PASS" start="2024-03-14T17:01:19.096316" elapsed="43.798735"/>
</suite>
<statistics>
<total>
<stat pass="4" fail="0" skip="0">All Tests</stat>
</total>
<tag>
</tag>
<suite>
<stat pass="4" fail="0" skip="0" id="s1" name="Google Search">Google Search</stat>
</suite>
</statistics>
<errors>
</errors>
</robot>
